<?xml version="1.0" encoding="UTF-8"?>
<!-- Generated by org.testng.reporters.JUnitXMLReporter -->
<testsuite ignored="0" hostname="ARPGL005086" failures="0" tests="2" name="Free CRM App Test Cases" time="51.097" errors="0" timestamp="2022-03-17T16:03:45 IST">
  <testcase classname="com.crm.qa.testcases.AddDomainAndDomainCreation" name="AppLogin" time="7.019"/>
  <testcase classname="com.crm.qa.testcases.AddDomainAndDomainCreation" name="CreateDomain" time="36.17"/>
</testsuite> <!-- Free CRM App Test Cases -->
